<?xml version="1.0" encoding="UTF-8"?>
<!-- Generated by org.testng.reporters.JUnitReportReporter -->
<testsuite skipped="0" hostname="LAPTOP-6QHL3RD4" name="com.frankbahar.testcases.AddLocationTest" tests="5" failures="0" timestamp="15 Jun 2019 02:39:10 GMT" time="63.278" errors="0">
  <testcase name="addLocationTest" time="12.581" classname="com.frankbahar.testcases.AddLocationTest"/>
  <testcase name="addLocationTest" time="12.989" classname="com.frankbahar.testcases.AddLocationTest"/>
  <testcase name="addLocationTest" time="12.119" classname="com.frankbahar.testcases.AddLocationTest"/>
  <testcase name="addLocationTest" time="11.747" classname="com.frankbahar.testcases.AddLocationTest"/>
  <testcase name="addLocationTest" time="13.842" classname="com.frankbahar.testcases.AddLocationTest"/>
</testsuite> <!-- com.frankbahar.testcases.AddLocationTest -->
