<?xml version="1.0" encoding="UTF-8"?>
<!-- Generated by org.testng.reporters.JUnitReportReporter -->
<testsuite skipped="1" hostname="LAPTOP-6QHL3RD4" name="com.frankbahar.testcases.LoginPageTest" tests="3" failures="0" timestamp="09 Jun 2019 18:18:04 GMT" time="19.921" errors="0">
  <testcase name="doLogin" time="9.846" classname="com.frankbahar.testcases.LoginPageTest"/>
  <testcase name="invalidLogin" time="10.075" classname="com.frankbahar.testcases.LoginPageTest"/>
  <testcase name="loginToOrangeHRM" classname="com.frankbahar.testcases.LoginPageTest">
    <skipped/>
  </testcase> <!-- loginToOrangeHRM -->
</testsuite> <!-- com.frankbahar.testcases.LoginPageTest -->
