<?xml version="1.0" encoding="UTF-8"?>
<!-- Generated by org.testng.reporters.JUnitReportReporter -->
<testsuite skipped="0" hostname="LAPTOP-6QHL3RD4" name="com.frankbahar.utils.BaseClass" tests="1" failures="0" timestamp="08 Jun 2019 18:15:48 GMT" time="5.435" errors="0">
  <testcase name="setUp" time="5.435" classname="com.frankbahar.utils.BaseClass"/>
</testsuite> <!-- com.frankbahar.utils.BaseClass -->
