<?xml version="1.0" encoding="UTF-8"?>
<!-- Generated by org.testng.reporters.JUnitReportReporter -->
<testsuite skipped="0" hostname="LAPTOP-6QHL3RD4" name="com.frankbahar.testcases.AddEmployeeTest" tests="1" failures="0" timestamp="11 Jun 2019 04:01:43 GMT" time="17.832" errors="0">
  <testcase name="addEmployeeTest" time="17.832" classname="com.frankbahar.testcases.AddEmployeeTest"/>
</testsuite> <!-- com.frankbahar.testcases.AddEmployeeTest -->
