<?xml version="1.0" encoding="UTF-8"?>
<!-- Generated by org.testng.reporters.JUnitReportReporter -->
<testsuite skipped="0" hostname="LAPTOP-6QHL3RD4" name="com.frankbahar.practice.ExcelFunctionsTest" tests="1" failures="0" timestamp="15 Jun 2019 17:41:55 GMT" time="0.448" errors="0">
  <testcase name="excelTest" time="0.448" classname="com.frankbahar.practice.ExcelFunctionsTest"/>
</testsuite> <!-- com.frankbahar.practice.ExcelFunctionsTest -->
