<?xml version="1.0" encoding="UTF-8"?>
<!-- Generated by org.testng.reporters.JUnitReportReporter -->
<testsuite skipped="0" hostname="LAPTOP-6QHL3RD4" name="com.frankbahar.practice.ExcelWriteDemo" tests="1" failures="0" timestamp="15 Jun 2019 15:14:04 GMT" time="0.531" errors="0">
  <testcase name="writeExcel" time="0.531" classname="com.frankbahar.practice.ExcelWriteDemo"/>
</testsuite> <!-- com.frankbahar.practice.ExcelWriteDemo -->
