<?xml version="1.0" encoding="UTF-8"?>
<!-- Generated by org.testng.reporters.JUnitReportReporter -->
<testsuite skipped="0" hostname="LAPTOP-6QHL3RD4" name="com.frankbahar.practice.ExcelReview" tests="1" failures="0" timestamp="15 Jun 2019 14:52:13 GMT" time="0.422" errors="0">
  <testcase name="testExcelReader" time="0.422" classname="com.frankbahar.practice.ExcelReview"/>
</testsuite> <!-- com.frankbahar.practice.ExcelReview -->
