<?xml version="1.0" encoding="UTF-8"?>
<!-- Generated by org.testng.reporters.JUnitReportReporter -->
<testsuite skipped="0" hostname="LAPTOP-6QHL3RD4" name="com.frankbahar.testcases.ExcelDemo" tests="6" failures="0" timestamp="14 Jun 2019 16:03:34 GMT" time="1.076" errors="0">
  <testcase name="writeExcel" time="0.078" classname="com.frankbahar.testcases.ExcelDemo"/>
  <testcase name="writeExcel" time="0.063" classname="com.frankbahar.testcases.ExcelDemo"/>
  <testcase name="writeExcel" time="0.078" classname="com.frankbahar.testcases.ExcelDemo"/>
  <testcase name="readExcel" time="0.623" classname="com.frankbahar.testcases.ExcelDemo"/>
  <testcase name="writeExcel" time="0.172" classname="com.frankbahar.testcases.ExcelDemo"/>
  <testcase name="writeExcel" time="0.062" classname="com.frankbahar.testcases.ExcelDemo"/>
</testsuite> <!-- com.frankbahar.testcases.ExcelDemo -->
